--------------------------------------------------------------------------------
Translator Name    : Spatial InterOp Connect ( Version : 25 0 0)
System Name        : Windows_NT
Machine Name       : PC-FIXE-JB
User Name          : Jean-Baptiste
Source System      : STEP
Destination System : ACIS
Input File         : C:\Users\Jean-Baptiste\Documents\These\Methodes\BasicFunctions\GMSH\NiceMeshing\Tibia_GUI_R_cut_a0.0.step
Output File        : C:\Users\JEAN-B~1\AppData\Local\Temp\SPAXTemp-P8772-T7136-2_SPAIop_1_Doc.sab
Start Time         : Mon Oct 16 15:34:28 2017

--------------------------------------------------------------------------------
Message : === Translation Options ===
Message : TranslateAllClass2SheetsInSingleBody : true
Message : TranslateAttributes : true
Message : Representation : BRep+Assembly
Message : Healing : true
Message : ===========================
-------------------------Source File Header Information-------------------------
Modification Date        : 2017-08-10T09:01:29
File Name                : C:\\Users\\Jean-Baptiste\\Documents\\These\\Methodes\\AACS_Knee\\TKR-Automatic-Placement\\Output\\GUI_R\\Tibia_GUI_R_cut_a0.0.step
Author                   : 'Author'
Organization             : ''
Source System            : FreeCAD
Version                  : Open CASCADE STEP processor 6.8
Authorization            : Unknown
File Description         : 'FreeCAD Model'
Implementation Level     : 2;1
File Schema Name         : 'AUTOMOTIVE_DESIGN_CC2 { 1 2 10303 214 -1 1 5 4 }'
Document Type            : Assembly
Units                    : MILLIMETER
Format Type              : STEP
--------------------------------------------------------------------------------
--------------------------------------------------------------------------------
Source Document Preprocessing Result : Success
--------------------------------------------------------------------------------
--------------------------------------------------------------------------------
Target Document Preprocessing Result : Success
--------------------------------------------------------------------------------
--------------------------------------------------------------------------------
Start BRep
--------------------------------------------------------------------------------
--------------------------------------------------------------------------------
BRep Source Representation Preprocessing Result : Success
--------------------------------------------------------------------------------
--------------------------------------------------------------------------------
BRep Source Representation Postprocessing Result : Success
--------------------------------------------------------------------------------
--------------------------------------------------------------------------------
BRep Target Representation Postprocessing Result : Success
--------------------------------------------------------------------------------
--------------------------------------------------------------------------------
End BRep
------------------------Representation Conversion Summary-----------------------
No. of Acorn Bodies                       :    0
No. of Mixed Bodies                       :    0
No. of Solid Bodies                       :    0
No. of Wire Bodies                        :    0
No. of Free Surfaces                      :    0
No. of Free Curves                        :    0
No. of Sheet Bodies                       :    0
No. of Free Points                        :    0
--------------------------------------------------------------------------------
BRep Conversion Result : No Entity to Translate
--------------------------------------------------------------------------------
--------------------------------------------------------------------------------
Start DocumentFeature
--------------------------------------------------------------------------------
--------------------------------------------------------------------------------
DocumentFeature Source Representation Preprocessing Result : Success
--------------------------------------------------------------------------------
--------------------------------------------------------------------------------
DocumentFeature Source Representation Postprocessing Result : Success
--------------------------------------------------------------------------------
--------------------------------------------------------------------------------
DocumentFeature Target Representation Postprocessing Result : Success
--------------------------------------------------------------------------------
--------------------------------------------------------------------------------
End DocumentFeature
------------------------Representation Conversion Summary-----------------------
No. of Selection Sets                     :    0
No. of Working Coordinate Systems         :    0
No. of Associative Groups                 :    0
No. of Layer Filters                      :    0
--------------------------------------------------------------------------------
DocumentFeature Conversion Result : No Entity to Translate
--------------------------------------------------------------------------------
--------------------------------------------------------------------------------
Start Assembly
--------------------------------------------------------------------------------
--------------------------------------------------------------------------------
Assembly Source Representation Preprocessing Result : Success
--------------------------------------------------------------------------------
--------------------------------------------------------------------------------
Start Translation of Part Definition Document In Assembly
--------------------------------------------------------------------------------
Source System      : STEP
Destination System : ACIS
Start Time         : Mon Oct 16 15:34:29 2017

--------------------------------------------------------------------------------
Message : === Translation Options ===
Message : TranslateAllClass2SheetsInSingleBody : true
Message : AddTopNodeForFreeParts : true
Message : TranslateAttributes : true
Message : Healing : true
Message : QualificationName : 26
Message : ===========================
--------------------------------------------------------------------------------
Source Document Preprocessing Result : Success
--------------------------------------------------------------------------------
--------------------------------------------------------------------------------
Target Document Preprocessing Result : Success
--------------------------------------------------------------------------------
--------------------------------------------------------------------------------
Start BRep
--------------------------------------------------------------------------------
--------------------------------------------------------------------------------
BRep Source Representation Preprocessing Result : Success
--------------------------------------------------------------------------------
--------------------------------------------------------------------------------
BRep Source Representation Postprocessing Result : Success
--------------------------------------------------------------------------------
--------------------------------------------------------------------------------
BRep Target Representation Postprocessing Result : Success
--------------------------------------------------------------------------------
--------------------------------------------------------------------------------
End BRep
------------------------Representation Conversion Summary-----------------------
No. of Acorn Bodies                       :    0
No. of Mixed Bodies                       :    0
No. of Solid Bodies                       :    1
No. of Wire Bodies                        :    0
No. of Free Surfaces                      :    0
No. of Free Curves                        :    0
No. of Sheet Bodies                       :    0
No. of Free Points                        :    0
--------------------------------------------------------------------------------
BRep Conversion Result : Success
--------------------------------------------------------------------------------
--------------------------------------------------------------------------------
Start DocumentFeature
--------------------------------------------------------------------------------
--------------------------------------------------------------------------------
DocumentFeature Source Representation Preprocessing Result : Success
--------------------------------------------------------------------------------
--------------------------------------------------------------------------------
DocumentFeature Source Representation Postprocessing Result : Success
--------------------------------------------------------------------------------
--------------------------------------------------------------------------------
DocumentFeature Target Representation Postprocessing Result : Success
--------------------------------------------------------------------------------
--------------------------------------------------------------------------------
End DocumentFeature
------------------------Representation Conversion Summary-----------------------
No. of Selection Sets                     :    0
No. of Working Coordinate Systems         :    0
No. of Associative Groups                 :    0
No. of Layer Filters                      :    0
--------------------------------------------------------------------------------
DocumentFeature Conversion Result : No Entity to Translate
--------------------------------------------------------------------------------
--------------------------------------------------------------------------------
Target Document Postprocessing Result : Success
--------------------------------------------------------------------------------
--------------------------------------------------------------------------------
Target Document Postprocessing Result : Success
--------------------------------------------------------------------------------
--------------------------------------------------------------------------------
---------------------------Document Conversion Summary--------------------------
No. of Items of DocumentFeature Representation :    0
No. of Items of BRep Representation            :    1
--------------------------------------------------------------------------------
Finish Time : Mon Oct 16 15:34:30 2017

--------------------------------------------------------------------------------
Translation Result : Success
--------------------------------------------------------------------------------
--------------------------------------------------------------------------------
End Translation of Part Definition Document In Assembly
--------------------------------------------------------------------------------
Warning : Instance name not found, treating definition name as instance name
--------------------------------------------------------------------------------
Assembly Source Representation Postprocessing Result : Success
--------------------------------------------------------------------------------
--------------------------------------------------------------------------------
Assembly Target Representation Postprocessing Result : Success
--------------------------------------------------------------------------------
--------------------------------------------------------------------------------
End Assembly
Assembly Conversion Result : Success
--------------------------------------------------------------------------------
--------------------------------------------------------------------------------
Target Document Postprocessing Result : Success
--------------------------------------------------------------------------------
--------------------------------------------------------------------------------
Target Document Postprocessing Result : Success
--------------------------------------------------------------------------------
--------------------------------------------------------------------------------
---------------------------Document Conversion Summary--------------------------
No. of Items of DocumentFeature Representation :    0
No. of Items of BRep Representation            :    0
--------------------------------------------------------------------------------
Message : Setting save mode for ACIS file based on the file extension
Output File "C:\Users\JEAN-B~1\AppData\Local\Temp\SPAXTemp-P8772-T7136-2_SPAIop_1_Doc.sab" is Successfully Written
--------------------------------------------------------------------------------
Finish Time : Mon Oct 16 15:34:30 2017

--------------------------------------------------------------------------------
Translation Result : Success
--------------------------------------------------------------------------------
--------------------------------------------------------------------------------
